<?xml version="1.0" encoding="UTF-8"?>
<!-- Generated by org.testng.reporters.JUnitReportReporter -->
<testsuite hostname="DESKTOP-7ARKDEF" failures="0" tests="2" name="com.tests.LogTest" time="27.857" errors="0" timestamp="25 Sep. 2020 20:38:55 GMT" skipped="0">
  <testcase classname="com.tests.LogTest" name="title" time="15.442"/>
  <testcase classname="com.tests.LogTest" name="logo" time="12.415"/>
</testsuite> <!-- com.tests.LogTest -->
